SF:lib/core/failure/failure.dart
DA:5,2
LF:1
LH:1
end_of_record
SF:lib/features/auth/domain/entity/user_entity.dart
DA:9,2
LF:1
LH:1
end_of_record
SF:lib/features/auth/domain/use_case/auth_use_case.dart
DA:8,3
DA:9,1
DA:10,1
DA:11,2
DA:19,1
DA:21,0
DA:22,0
DA:25,0
DA:26,0
LF:9
LH:5
end_of_record
SF:lib/features/auth/presentation/viewmodel/auth_view_model.dart
DA:7,8
DA:8,5
DA:9,1
DA:10,2
DA:17,12
DA:19,2
DA:20,6
DA:21,4
DA:22,2
DA:23,1
DA:24,3
DA:26,1
DA:34,1
DA:35,3
DA:44,2
DA:46,6
DA:48,4
DA:49,2
DA:50,1
DA:51,4
DA:58,2
DA:59,6
LF:22
LH:22
end_of_record
SF:lib/components/buttons.dart
DA:8,3
DA:15,3
DA:17,3
DA:18,3
DA:19,3
DA:20,2
DA:21,2
DA:22,2
DA:25,2
DA:27,2
DA:41,3
DA:44,3
DA:45,1
DA:46,1
DA:47,1
DA:50,1
DA:52,1
LF:17
LH:17
end_of_record
SF:lib/components/text_fields.dart
DA:9,3
DA:17,3
DA:19,3
DA:21,3
DA:22,3
DA:23,3
DA:24,3
DA:25,3
DA:26,3
DA:27,3
DA:30,3
DA:31,3
DA:36,3
DA:37,3
DA:38,3
LF:15
LH:15
end_of_record
SF:lib/config/constants/api_endpoint.dart
DA:2,0
LF:1
LH:0
end_of_record
SF:lib/config/routers/app_route.dart
DA:6,0
DA:13,3
DA:14,3
DA:16,0
DA:17,2
DA:18,1
LF:6
LH:4
end_of_record
SF:lib/features/auth/presentation/view/login_screen.dart
DA:10,6
DA:12,2
DA:13,2
DA:32,2
DA:34,2
DA:36,2
DA:37,2
DA:44,2
DA:45,2
DA:46,2
DA:47,2
DA:48,2
DA:49,6
DA:54,2
DA:55,2
DA:56,2
DA:58,2
DA:73,2
DA:74,2
DA:77,1
DA:78,1
DA:85,2
DA:86,2
DA:89,1
DA:90,1
DA:97,2
DA:99,2
DA:101,2
DA:102,2
DA:104,4
DA:110,2
DA:112,1
DA:113,3
DA:114,1
DA:115,3
DA:116,1
DA:118,2
DA:119,2
DA:126,2
DA:128,2
DA:129,2
DA:130,2
DA:131,2
DA:133,2
DA:146,2
DA:147,2
DA:149,2
DA:156,2
DA:158,2
DA:159,2
DA:160,2
DA:161,4
DA:162,2
DA:163,2
DA:165,2
DA:172,2
DA:173,2
DA:174,4
DA:175,2
DA:176,2
DA:178,2
DA:187,2
DA:189,2
DA:197,2
DA:198,0
DA:200,0
DA:201,0
LF:67
LH:64
end_of_record
SF:lib/features/auth/presentation/view/register_screen.dart
DA:10,11
DA:12,1
DA:13,1
DA:34,1
DA:36,3
DA:38,1
DA:39,1
DA:40,1
DA:41,1
DA:48,1
DA:49,1
DA:50,1
DA:51,1
DA:52,1
DA:53,3
DA:58,1
DA:59,1
DA:60,1
DA:62,1
DA:77,1
DA:78,1
DA:83,1
DA:84,1
DA:89,1
DA:90,1
DA:95,1
DA:96,1
DA:101,1
DA:102,1
DA:107,1
DA:109,1
DA:110,3
DA:111,1
DA:112,2
DA:113,2
DA:114,2
DA:115,2
DA:116,2
DA:119,1
DA:120,3
DA:121,1
LF:41
LH:41
end_of_record
SF:lib/features/home/presentation/view/home_page_screen.dart
DA:10,5
DA:12,0
DA:13,0
DA:19,0
DA:20,0
DA:22,0
DA:23,0
DA:24,0
DA:25,0
DA:26,0
DA:27,0
DA:30,0
DA:31,0
DA:32,0
DA:35,0
DA:36,0
DA:38,0
DA:39,0
DA:41,0
DA:43,0
DA:51,0
DA:52,0
DA:53,0
DA:54,0
DA:64,0
DA:66,0
DA:68,0
DA:69,0
DA:71,0
DA:72,0
DA:73,0
DA:75,0
DA:78,0
DA:79,0
DA:80,0
DA:85,0
DA:86,0
DA:96,0
DA:97,0
DA:98,0
DA:100,0
DA:130,0
DA:131,0
DA:133,0
DA:134,0
DA:135,0
DA:136,0
DA:138,0
DA:139,0
DA:140,0
DA:145,0
DA:146,0
DA:148,0
DA:153,0
DA:154,0
DA:155,0
DA:157,0
DA:159,0
DA:160,0
DA:164,0
DA:169,0
DA:170,0
DA:175,0
DA:177,0
DA:183,0
DA:185,0
DA:188,0
DA:189,0
DA:190,0
DA:194,0
DA:195,0
DA:197,0
DA:198,0
DA:199,0
DA:201,0
DA:202,0
DA:203,0
DA:205,0
DA:206,0
DA:207,0
DA:211,0
DA:217,0
DA:219,0
DA:220,0
DA:221,0
DA:223,0
DA:228,0
DA:231,0
DA:232,0
DA:233,0
DA:235,0
DA:236,0
DA:239,0
DA:240,0
DA:246,0
DA:247,0
DA:248,0
DA:249,0
DA:252,0
DA:253,0
DA:258,0
DA:259,0
DA:271,0
DA:272,0
DA:273,0
DA:275,0
DA:276,0
DA:284,0
DA:285,0
DA:295,0
DA:296,0
DA:297,0
DA:300,0
DA:301,0
DA:307,0
DA:308,0
DA:309,0
DA:312,0
DA:313,0
DA:327,0
DA:329,0
DA:330,0
DA:331,0
DA:332,0
DA:334,0
DA:337,0
DA:339,0
DA:340,0
DA:341,0
DA:342,0
DA:344,0
LF:131
LH:1
end_of_record
SF:lib/core/app.dart
DA:4,6
DA:5,6
DA:8,1
DA:10,1
DA:12,1
DA:13,1
DA:14,1
DA:18,1
LF:8
LH:8
end_of_record
SF:lib/core/network/remote/dio_error_interceptor.dart
DA:4,0
DA:6,0
DA:8,0
DA:9,0
DA:10,0
DA:11,0
DA:12,0
DA:13,0
DA:16,0
DA:17,0
DA:18,0
DA:20,0
DA:25,0
DA:26,0
DA:28,0
DA:31,0
LF:16
LH:0
end_of_record
SF:lib/core/network/remote/http_service.dart
DA:8,3
DA:9,4
DA:15,2
DA:17,1
DA:18,1
DA:19,2
DA:20,2
DA:21,2
DA:22,3
DA:23,3
DA:25,3
LF:11
LH:11
end_of_record
SF:lib/core/shared_pref/user_shared_pref.dart
DA:6,3
DA:7,1
DA:8,1
DA:15,0
DA:17,0
DA:18,0
DA:19,0
DA:21,0
DA:22,0
DA:23,0
DA:30,0
DA:32,0
DA:33,0
DA:34,0
DA:36,0
DA:41,0
DA:43,0
DA:45,0
DA:47,0
DA:49,0
LF:20
LH:3
end_of_record
SF:lib/features/auth/data/data_source/auth_remote_data_source.dart
DA:10,3
DA:11,2
DA:12,2
DA:13,2
DA:21,1
DA:23,0
DA:25,0
DA:27,0
DA:28,0
DA:29,0
DA:30,0
DA:31,0
DA:32,0
DA:35,0
DA:38,0
DA:39,0
DA:40,0
DA:41,0
DA:45,0
DA:46,0
DA:47,0
DA:48,0
DA:49,0
DA:55,0
DA:60,0
DA:62,0
DA:67,0
DA:69,0
DA:70,0
DA:73,0
DA:74,0
DA:75,0
DA:76,0
DA:80,0
DA:81,0
DA:82,0
DA:83,0
DA:84,0
LF:38
LH:5
end_of_record
SF:lib/features/auth/data/repository/auth_remote_repository.dart
DA:8,2
DA:9,2
DA:10,1
DA:11,2
DA:18,1
DA:20,0
DA:23,0
DA:26,0
DA:29,0
LF:9
LH:5
end_of_record
SF:lib/features/auth/domain/repository/auth_repository.dart
DA:7,4
DA:8,2
LF:2
LH:2
end_of_record
SF:lib/features/home/presentation/state/auth_state.dart
DA:5,4
DA:10,0
DA:11,0
DA:17,4
DA:21,4
DA:22,0
DA:23,4
DA:27,0
DA:28,0
LF:9
LH:4
end_of_record
SF:lib/features/home/presentation/view/adoption_screen.dart
DA:10,0
DA:12,0
DA:14,0
DA:16,0
DA:17,0
DA:19,0
DA:20,0
DA:21,0
DA:22,0
DA:24,0
DA:25,0
DA:26,0
DA:27,0
DA:28,0
DA:31,0
DA:33,0
DA:34,0
DA:36,0
DA:37,0
DA:38,0
DA:39,0
DA:41,0
DA:43,0
DA:46,0
DA:48,0
DA:56,0
DA:57,0
DA:58,0
DA:59,0
DA:69,0
DA:70,0
DA:72,0
DA:77,0
DA:80,0
DA:81,0
DA:84,0
DA:85,0
DA:87,0
DA:94,0
DA:95,0
DA:97,0
DA:98,0
DA:101,0
DA:102,0
DA:104,0
DA:105,0
DA:153,0
DA:155,0
DA:156,0
DA:162,0
DA:164,0
DA:166,0
DA:167,0
DA:168,0
DA:170,0
DA:182,0
DA:183,0
DA:184,0
DA:186,0
DA:209,0
DA:211,0
DA:213,0
DA:214,0
DA:220,0
DA:222,0
DA:224,0
DA:226,0
DA:227,0
DA:230,0
DA:231,0
DA:232,0
DA:233,0
DA:235,0
DA:239,0
DA:240,0
DA:250,0
DA:252,0
DA:253,0
DA:254,0
DA:261,0
DA:262,0
DA:273,0
DA:274,0
DA:275,0
DA:277,0
DA:283,0
DA:285,0
DA:287,0
LF:88
LH:0
end_of_record
SF:lib/model/home_page_model.dart
DA:13,0
DA:24,0
DA:25,0
DA:34,0
DA:45,0
DA:53,0
LF:6
LH:0
end_of_record
